<?xml version="1.0" encoding="UTF-8"?>
<testsuite name="com.group.libraryapp.LibraryAppApplicationTests" tests="1" skipped="0" failures="0" errors="0" timestamp="2024-12-05T15:20:38" hostname="jangdongmin-ui-MacBookAir.local" time="0.001">
  <properties/>
  <testcase name="contextLoads()" classname="com.group.libraryapp.LibraryAppApplicationTests" time="0.001"/>
  <system-out><![CDATA[2024-12-06 00:20:38.920  INFO 55338 --- [    Test worker] .b.t.c.SpringBootTestContextBootstrapper : Neither @ContextConfiguration nor @ContextHierarchy found for test class [com.group.libraryapp.LibraryAppApplicationTests], using SpringBootContextLoader
2024-12-06 00:20:38.920  INFO 55338 --- [    Test worker] o.s.t.c.support.AbstractContextLoader    : Could not detect default resource locations for test class [com.group.libraryapp.LibraryAppApplicationTests]: no resource found for suffixes {-context.xml, Context.groovy}.
2024-12-06 00:20:38.920  INFO 55338 --- [    Test worker] t.c.s.AnnotationConfigContextLoaderUtils : Could not detect default configuration classes for test class [com.group.libraryapp.LibraryAppApplicationTests]: LibraryAppApplicationTests does not declare any static, non-private, non-final, nested classes annotated with @Configuration.
2024-12-06 00:20:38.922  INFO 55338 --- [    Test worker] .b.t.c.SpringBootTestContextBootstrapper : Found @SpringBootConfiguration com.group.libraryapp.LibraryAppApplication for test class com.group.libraryapp.LibraryAppApplicationTests
2024-12-06 00:20:38.923  INFO 55338 --- [    Test worker] .b.t.c.SpringBootTestContextBootstrapper : Loaded default TestExecutionListener class names from location [META-INF/spring.factories]: [org.springframework.boot.test.autoconfigure.restdocs.RestDocsTestExecutionListener, org.springframework.boot.test.autoconfigure.web.client.MockRestServiceServerResetTestExecutionListener, org.springframework.boot.test.autoconfigure.web.servlet.MockMvcPrintOnlyOnFailureTestExecutionListener, org.springframework.boot.test.autoconfigure.web.servlet.WebDriverTestExecutionListener, org.springframework.boot.test.autoconfigure.webservices.client.MockWebServiceServerTestExecutionListener, org.springframework.boot.test.mock.mockito.MockitoTestExecutionListener, org.springframework.boot.test.mock.mockito.ResetMocksTestExecutionListener, org.springframework.test.context.web.ServletTestExecutionListener, org.springframework.test.context.support.DirtiesContextBeforeModesTestExecutionListener, org.springframework.test.context.event.ApplicationEventsTestExecutionListener, org.springframework.test.context.support.DependencyInjectionTestExecutionListener, org.springframework.test.context.support.DirtiesContextTestExecutionListener, org.springframework.test.context.transaction.TransactionalTestExecutionListener, org.springframework.test.context.jdbc.SqlScriptsTestExecutionListener, org.springframework.test.context.event.EventPublishingTestExecutionListener]
2024-12-06 00:20:38.923  INFO 55338 --- [    Test worker] .b.t.c.SpringBootTestContextBootstrapper : Using TestExecutionListeners: [org.springframework.test.context.web.ServletTestExecutionListener@79e3f444, org.springframework.test.context.support.DirtiesContextBeforeModesTestExecutionListener@205d6f84, org.springframework.test.context.event.ApplicationEventsTestExecutionListener@14ea3ecf, org.springframework.boot.test.mock.mockito.MockitoTestExecutionListener@74f54f8e, org.springframework.boot.test.autoconfigure.SpringBootDependencyInjectionTestExecutionListener@1252d480, org.springframework.test.context.support.DirtiesContextTestExecutionListener@59b8a801, org.springframework.test.context.transaction.TransactionalTestExecutionListener@1c61f9bf, org.springframework.test.context.jdbc.SqlScriptsTestExecutionListener@42365c82, org.springframework.test.context.event.EventPublishingTestExecutionListener@46c47690, org.springframework.boot.test.autoconfigure.restdocs.RestDocsTestExecutionListener@5aa026e9, org.springframework.boot.test.autoconfigure.web.client.MockRestServiceServerResetTestExecutionListener@499f9003, org.springframework.boot.test.autoconfigure.web.servlet.MockMvcPrintOnlyOnFailureTestExecutionListener@39bd07fe, org.springframework.boot.test.autoconfigure.web.servlet.WebDriverTestExecutionListener@5ca896af, org.springframework.boot.test.autoconfigure.webservices.client.MockWebServiceServerTestExecutionListener@7e474bd, org.springframework.boot.test.mock.mockito.ResetMocksTestExecutionListener@324ee3ca]
]]></system-out>
  <system-err><![CDATA[]]></system-err>
</testsuite>
